Using pre-set license
Built from '2020.3/staging' branch; Version is '2020.3.26f1 (7298b473bc1a) revision 7510196'; Using compiler version '192528614'; Build Type 'Release'
OS: 'Windows 11  (10.0.22621) 64bit CoreSingleLanguage' Language: 'en' Physical Memory: 14188 MB
BatchMode: 1, IsHumanControllingUs: 0, StartBugReporterOnCrash: 0, Is64bit: 1, IsPro: 0

COMMAND LINE ARGUMENTS:
C:\Program Files\Unity\Hub\Editor\2020.3.26f1\Editor\Unity.exe
-adb2
-batchMode
-noUpm
-name
AssetImportWorker0
-projectPath
D:/NewProjectGit/AISandMFECvido/AssetAISVidoGit
-logFile
Logs/AssetImportWorker0.log
-srvPort
51586
Successfully changed project path to: D:/NewProjectGit/AISandMFECvido/AssetAISVidoGit
D:/NewProjectGit/AISandMFECvido/AssetAISVidoGit
Using Asset Import Pipeline V2.
Refreshing native plugins compatible for Editor in 25.18 ms, found 2 plugins.
Preloading 0 native plugins for Editor in 0.00 ms.
Initialize engine version: 2020.3.26f1 (7298b473bc1a)
[Subsystems] Discovering subsystems at path C:/Program Files/Unity/Hub/Editor/2020.3.26f1/Editor/Data/Resources/UnitySubsystems
[Subsystems] Discovering subsystems at path D:/NewProjectGit/AISandMFECvido/AssetAISVidoGit/Assets
GfxDevice: creating device client; threaded=0
Direct3D:
    Version:  Direct3D 11.0 [level 11.1]
    Renderer: NVIDIA GeForce RTX 3050 Ti Laptop GPU (ID=0x25a0)
    Vendor:   
    VRAM:     3993 MB
    Driver:   30.0.15.1236
Initialize mono
Mono path[0] = 'C:/Program Files/Unity/Hub/Editor/2020.3.26f1/Editor/Data/Managed'
Mono path[1] = 'C:/Program Files/Unity/Hub/Editor/2020.3.26f1/Editor/Data/MonoBleedingEdge/lib/mono/unityjit'
Mono config path = 'C:/Program Files/Unity/Hub/Editor/2020.3.26f1/Editor/Data/MonoBleedingEdge/etc'
Using monoOptions --debugger-agent=transport=dt_socket,embedding=1,server=y,suspend=n,address=127.0.0.1:56880
Begin MonoManager ReloadAssembly
Registering precompiled unity dll's ...
Register platform support module: C:/Program Files/Unity/Hub/Editor/2020.3.26f1/Editor/Data/PlaybackEngines/WebGLSupport/UnityEditor.WebGL.Extensions.dll
Register platform support module: C:/Program Files/Unity/Hub/Editor/2020.3.26f1/Editor/Data/PlaybackEngines/WindowsStandaloneSupport/UnityEditor.WindowsStandalone.Extensions.dll
Registered in 0.001222 seconds.
Native extension for WindowsStandalone target not found
Native extension for WebGL target not found
Refreshing native plugins compatible for Editor in 23.38 ms, found 2 plugins.
Preloading 0 native plugins for Editor in 0.00 ms.
Mono: successfully reloaded assembly
- Completed reload, in  0.389 seconds
Domain Reload Profiling:
	ReloadAssembly (389ms)
		BeginReloadAssembly (35ms)
			ExecutionOrderSort (0ms)
			DisableScriptedObjects (0ms)
			BackupInstance (0ms)
			ReleaseScriptingObjects (0ms)
			CreateAndSetChildDomain (1ms)
		EndReloadAssembly (306ms)
			LoadAssemblies (34ms)
			RebuildTransferFunctionScriptingTraits (0ms)
			SetupTypeCache (96ms)
			ReleaseScriptCaches (0ms)
			RebuildScriptCaches (19ms)
			SetupLoadedEditorAssemblies (118ms)
				LogAssemblyErrors (0ms)
				InitializePlatformSupportModulesInManaged (4ms)
				SetLoadedEditorAssemblies (0ms)
				RefreshPlugins (23ms)
				BeforeProcessingInitializeOnLoad (12ms)
				ProcessInitializeOnLoadAttributes (59ms)
				ProcessInitializeOnLoadMethodAttributes (20ms)
				AfterProcessingInitializeOnLoad (0ms)
				EditorAssembliesLoaded (0ms)
			ExecutionOrderSort2 (0ms)
			AwakeInstancesAfterBackupRestoration (0ms)
Platform modules already initialized, skipping
Registering precompiled user dll's ...
Registered in 0.001975 seconds.
Begin MonoManager ReloadAssembly
Native extension for WindowsStandalone target not found
Native extension for WebGL target not found
Refreshing native plugins compatible for Editor in 0.35 ms, found 2 plugins.
Preloading 0 native plugins for Editor in 0.00 ms.
Mono: successfully reloaded assembly
- Completed reload, in  0.693 seconds
Domain Reload Profiling:
	ReloadAssembly (694ms)
		BeginReloadAssembly (101ms)
			ExecutionOrderSort (0ms)
			DisableScriptedObjects (4ms)
			BackupInstance (0ms)
			ReleaseScriptingObjects (0ms)
			CreateAndSetChildDomain (17ms)
		EndReloadAssembly (548ms)
			LoadAssemblies (63ms)
			RebuildTransferFunctionScriptingTraits (0ms)
			SetupTypeCache (190ms)
			ReleaseScriptCaches (0ms)
			RebuildScriptCaches (26ms)
			SetupLoadedEditorAssemblies (212ms)
				LogAssemblyErrors (0ms)
				InitializePlatformSupportModulesInManaged (4ms)
				SetLoadedEditorAssemblies (0ms)
				RefreshPlugins (0ms)
				BeforeProcessingInitializeOnLoad (55ms)
				ProcessInitializeOnLoadAttributes (143ms)
				ProcessInitializeOnLoadMethodAttributes (6ms)
				AfterProcessingInitializeOnLoad (3ms)
				EditorAssembliesLoaded (0ms)
			ExecutionOrderSort2 (0ms)
			AwakeInstancesAfterBackupRestoration (4ms)
Platform modules already initialized, skipping
========================================================================
Worker process is ready to serve import requests
Launched and connected shader compiler UnityShaderCompiler.exe after 0.03 seconds
Refreshing native plugins compatible for Editor in 0.33 ms, found 2 plugins.
Preloading 0 native plugins for Editor in 0.00 ms.
Unloading 1503 Unused Serialized files (Serialized files now loaded: 0)
System memory in use before: 68.6 MB.
System memory in use after: 68.7 MB.

Unloading 19 unused Assets to reduce memory usage. Loaded Objects now: 1935.
Total: 2.435400 ms (FindLiveObjects: 0.120500 ms CreateObjectMapping: 0.038300 ms MarkObjects: 2.219100 ms  DeleteObjects: 0.056700 ms)

AssetImportParameters requested are different than current active one (requested -> active):
  custom:framework-win-MediaFoundation: 216162199b28c13a410421893ffa2e32 -> 
  custom:video-decoder-ogg-theora: a1e56fd34408186e4bbccfd4996cb3dc -> 
  custom:container-muxer-webm: aa71ff27fc2769a1b78a27578f13a17b -> 
  custom:container-demuxer-webm: 4f35f7cbe854078d1ac9338744f61a02 -> 
  custom:container-demuxer-ogg: 62fdf1f143b41e24485cea50d1cbac27 -> 
  custom:video-encoder-webm-vp8: eb34c28f22e8b96e1ab97ce403110664 -> 
  custom:video-codec-MediaFoundation-h265: 746d11721c4dcdbdad8f713fa42b33f4 -> 
  custom:video-decoder-webm-vp8: 9c59270c3fd7afecdb556c50c9e8de78 -> 
  custom:audio-decoder-ogg-vorbis: bf7c407c2cedff20999df2af8eb42d56 -> 
  custom:audio-encoder-webm-vorbis: bf7c407c2cedff20999df2af8eb42d56 -> 
========================================================================
Received Import Request.
  path: Assets/FoliagePack/Scenes
  artifactKey: Guid(ed4ff42040e1f42d9a62d11e9893a6e5) Importer(815301076,1909f56bfc062723c751e8b465ee728b)
Start importing Assets/FoliagePack/Scenes using Guid(ed4ff42040e1f42d9a62d11e9893a6e5) Importer(815301076,1909f56bfc062723c751e8b465ee728b)  -> (artifact id: '70a16c7cafb71ed5008f26f62d6b3c6d') in 0.006324 seconds 
  Import took 0.008430 seconds .

========================================================================
Received Import Request.
  Time since last request: 0.000187 seconds.
  path: Assets/FoliagePack/Scenes/Demo.unity
  artifactKey: Guid(06b4a01956cfe4ffb91b4ceeb59346f2) Importer(815301076,1909f56bfc062723c751e8b465ee728b)
Start importing Assets/FoliagePack/Scenes/Demo.unity using Guid(06b4a01956cfe4ffb91b4ceeb59346f2) Importer(815301076,1909f56bfc062723c751e8b465ee728b)  -> (artifact id: 'e04265d5b28e8b6c84a10dd7982d868f') in 0.012534 seconds 
  Import took 0.015512 seconds .

========================================================================
Received Import Request.
  Time since last request: 3.918128 seconds.
  path: Assets/RPG Weapon Sprites/Weapons.png
  artifactKey: Guid(8089b158478dda44daf093c42ce29e12) Importer(815301076,1909f56bfc062723c751e8b465ee728b)
Start importing Assets/RPG Weapon Sprites/Weapons.png using Guid(8089b158478dda44daf093c42ce29e12) Importer(815301076,1909f56bfc062723c751e8b465ee728b)  -> (artifact id: 'b49ced89de2eee94bd3b3d85532a7f44') in 0.040148 seconds 
  Import took 0.042782 seconds .

========================================================================
Received Import Request.
  Time since last request: 1.192128 seconds.
  path: Assets/RPG Weapon Sprites/DemoScene.unity
  artifactKey: Guid(85f81ceb55e894444bd9a43f4240e86e) Importer(815301076,1909f56bfc062723c751e8b465ee728b)
Start importing Assets/RPG Weapon Sprites/DemoScene.unity using Guid(85f81ceb55e894444bd9a43f4240e86e) Importer(815301076,1909f56bfc062723c751e8b465ee728b)  -> (artifact id: 'e0845428fbfc362a7b91c9c814e46dc0') in 0.004897 seconds 
  Import took 0.007487 seconds .

========================================================================
Received Import Request.
  Time since last request: 5.560717 seconds.
  path: Assets/RPG Weapon Sprites/Swords
  artifactKey: Guid(09576defd27b4224e9ba0e94b8fb17c6) Importer(815301076,1909f56bfc062723c751e8b465ee728b)
Start importing Assets/RPG Weapon Sprites/Swords using Guid(09576defd27b4224e9ba0e94b8fb17c6) Importer(815301076,1909f56bfc062723c751e8b465ee728b)  -> (artifact id: '87b726ca38c2750ec67502224c07de38') in 0.004744 seconds 
  Import took 0.007083 seconds .

========================================================================
Received Import Request.
  Time since last request: 0.064242 seconds.
  path: Assets/RPG Weapon Sprites/Swords/S01_Blade.png
  artifactKey: Guid(4f80befebaef1a143a670abc66f18d22) Importer(815301076,1909f56bfc062723c751e8b465ee728b)
Start importing Assets/RPG Weapon Sprites/Swords/S01_Blade.png using Guid(4f80befebaef1a143a670abc66f18d22) Importer(815301076,1909f56bfc062723c751e8b465ee728b)  -> (artifact id: '40234ecf9b2d59715b24d212174fcff1') in 0.034908 seconds 
  Import took 0.037332 seconds .

========================================================================
Received Import Request.
  Time since last request: 0.000202 seconds.
  path: Assets/RPG Weapon Sprites/Swords/S05_Gladius.png
  artifactKey: Guid(340c3eb91436d814084e652a5da401a3) Importer(815301076,1909f56bfc062723c751e8b465ee728b)
Start importing Assets/RPG Weapon Sprites/Swords/S05_Gladius.png using Guid(340c3eb91436d814084e652a5da401a3) Importer(815301076,1909f56bfc062723c751e8b465ee728b)  -> (artifact id: 'e5cca779125c853f99b9147698b5b2ac') in 0.010418 seconds 
  Import took 0.012440 seconds .

========================================================================
Received Import Request.
  Time since last request: 0.000209 seconds.
  path: Assets/RPG Weapon Sprites/Swords/S02_Knife.png
  artifactKey: Guid(8a2d84257463d9c4eb6162f408919e5a) Importer(815301076,1909f56bfc062723c751e8b465ee728b)
Start importing Assets/RPG Weapon Sprites/Swords/S02_Knife.png using Guid(8a2d84257463d9c4eb6162f408919e5a) Importer(815301076,1909f56bfc062723c751e8b465ee728b)  -> (artifact id: '39877e5d677899ae19493da20adf4907') in 0.015348 seconds 
  Import took 0.018439 seconds .

========================================================================
Received Import Request.
  Time since last request: 0.000344 seconds.
  path: Assets/RPG Weapon Sprites/Swords/S12_Greatsword.png
  artifactKey: Guid(958515582233bc845a6494a96412b909) Importer(815301076,1909f56bfc062723c751e8b465ee728b)
Start importing Assets/RPG Weapon Sprites/Swords/S12_Greatsword.png using Guid(958515582233bc845a6494a96412b909) Importer(815301076,1909f56bfc062723c751e8b465ee728b)  -> (artifact id: '0867ac6bf13d3d3588c0a9aa6c792781') in 0.013116 seconds 
  Import took 0.017104 seconds .

========================================================================
Received Import Request.
  Time since last request: 0.000257 seconds.
  path: Assets/RPG Weapon Sprites/Swords/S03_Dagger.png
  artifactKey: Guid(ca9e750efb3f8f249b62c5315eedcdbc) Importer(815301076,1909f56bfc062723c751e8b465ee728b)
Start importing Assets/RPG Weapon Sprites/Swords/S03_Dagger.png using Guid(ca9e750efb3f8f249b62c5315eedcdbc) Importer(815301076,1909f56bfc062723c751e8b465ee728b)  -> (artifact id: 'f0a622d0b038cb5aeba58261b697a3d0') in 0.013837 seconds 
  Import took 0.017619 seconds .

========================================================================
Received Import Request.
  Time since last request: 0.000295 seconds.
  path: Assets/RPG Weapon Sprites/Swords/S09_Cutlass.png
  artifactKey: Guid(55b9e60ee794c524cace443c04e329c0) Importer(815301076,1909f56bfc062723c751e8b465ee728b)
Start importing Assets/RPG Weapon Sprites/Swords/S09_Cutlass.png using Guid(55b9e60ee794c524cace443c04e329c0) Importer(815301076,1909f56bfc062723c751e8b465ee728b)  -> (artifact id: 'e02f65a2945e913f66eb85ef42ef4f47') in 0.012821 seconds 
  Import took 0.016622 seconds .

========================================================================
Received Import Request.
  Time since last request: 0.000359 seconds.
  path: Assets/RPG Weapon Sprites/Swords/S08_Sabre.png
  artifactKey: Guid(a24e0e41cbf828840a851d2dcf55901c) Importer(815301076,1909f56bfc062723c751e8b465ee728b)
Start importing Assets/RPG Weapon Sprites/Swords/S08_Sabre.png using Guid(a24e0e41cbf828840a851d2dcf55901c) Importer(815301076,1909f56bfc062723c751e8b465ee728b)  -> (artifact id: '23638888561938957a2e9ea89af2fb6b') in 0.020944 seconds 
  Import took 0.024043 seconds .

========================================================================
Received Import Request.
  Time since last request: 0.000202 seconds.
  path: Assets/RPG Weapon Sprites/Swords/S04_ShortSword.png
  artifactKey: Guid(90e8f84f5f239ae41a53856bd227613f) Importer(815301076,1909f56bfc062723c751e8b465ee728b)
Start importing Assets/RPG Weapon Sprites/Swords/S04_ShortSword.png using Guid(90e8f84f5f239ae41a53856bd227613f) Importer(815301076,1909f56bfc062723c751e8b465ee728b)  -> (artifact id: 'c81bb2d79bf725a6bb3c2f9a3bf291f9') in 0.011923 seconds 
  Import took 0.014369 seconds .

========================================================================
Received Import Request.
  Time since last request: 0.000251 seconds.
  path: Assets/RPG Weapon Sprites/Swords/Swords.png
  artifactKey: Guid(af0dae6a228c1c74da6431eef27b7937) Importer(815301076,1909f56bfc062723c751e8b465ee728b)
Start importing Assets/RPG Weapon Sprites/Swords/Swords.png using Guid(af0dae6a228c1c74da6431eef27b7937) Importer(815301076,1909f56bfc062723c751e8b465ee728b)  -> (artifact id: '5f829125572308838e8beb63093fe46b') in 0.013435 seconds 
  Import took 0.016923 seconds .

========================================================================
Received Import Request.
  Time since last request: 0.000327 seconds.
  path: Assets/RPG Weapon Sprites/Swords/S6_Falcion.png
  artifactKey: Guid(e35cdf60c636b9f41acb52afedb91fd0) Importer(815301076,1909f56bfc062723c751e8b465ee728b)
Start importing Assets/RPG Weapon Sprites/Swords/S6_Falcion.png using Guid(e35cdf60c636b9f41acb52afedb91fd0) Importer(815301076,1909f56bfc062723c751e8b465ee728b)  -> (artifact id: 'ebfe109dc90a8af0d04d77bba9a6f83d') in 0.011275 seconds 
  Import took 0.014593 seconds .

========================================================================
Received Import Request.
  Time since last request: 0.000291 seconds.
  path: Assets/RPG Weapon Sprites/Swords/S10_Broadsword.png
  artifactKey: Guid(0fddd7ecd94eb214abbbba19a6f25344) Importer(815301076,1909f56bfc062723c751e8b465ee728b)
Start importing Assets/RPG Weapon Sprites/Swords/S10_Broadsword.png using Guid(0fddd7ecd94eb214abbbba19a6f25344) Importer(815301076,1909f56bfc062723c751e8b465ee728b)  -> (artifact id: 'e4045a3ae38bb4da779feefb01837ef3') in 0.012213 seconds 
  Import took 0.015293 seconds .

========================================================================
Received Import Request.
  Time since last request: 0.000208 seconds.
  path: Assets/RPG Weapon Sprites/Swords/S11_Claymore.png
  artifactKey: Guid(ed397f1c44563ae40bab9cfcb1dd3f00) Importer(815301076,1909f56bfc062723c751e8b465ee728b)
Start importing Assets/RPG Weapon Sprites/Swords/S11_Claymore.png using Guid(ed397f1c44563ae40bab9cfcb1dd3f00) Importer(815301076,1909f56bfc062723c751e8b465ee728b)  -> (artifact id: '4c2d24f211efa2618700e90638b74a35') in 0.011280 seconds 
  Import took 0.014751 seconds .

========================================================================
Received Import Request.
  Time since last request: 0.000231 seconds.
  path: Assets/RPG Weapon Sprites/Swords/S07_Rapier.png
  artifactKey: Guid(6e8bc83a5efba844e9722402d92cd7d9) Importer(815301076,1909f56bfc062723c751e8b465ee728b)
Start importing Assets/RPG Weapon Sprites/Swords/S07_Rapier.png using Guid(6e8bc83a5efba844e9722402d92cd7d9) Importer(815301076,1909f56bfc062723c751e8b465ee728b)  -> (artifact id: 'd85ff8fcff1466f79561d1218c5fb1ff') in 0.012479 seconds 
  Import took 0.015744 seconds .

========================================================================
Received Import Request.
  Time since last request: 108.529383 seconds.
  path: Assets/Scenes/SampleScene.unity
  artifactKey: Guid(9fc0d4010bbf28b4594072e72b8655ab) Importer(815301076,1909f56bfc062723c751e8b465ee728b)
Start importing Assets/Scenes/SampleScene.unity using Guid(9fc0d4010bbf28b4594072e72b8655ab) Importer(815301076,1909f56bfc062723c751e8b465ee728b)  -> (artifact id: '85059f4f9e1a832ed95adaa0d25c5c4c') in 0.005289 seconds 
  Import took 0.008051 seconds .

========================================================================
Received Prepare
Registering precompiled user dll's ...
Registered in 0.002821 seconds.
Begin MonoManager ReloadAssembly
Native extension for WindowsStandalone target not found
Native extension for WebGL target not found
Refreshing native plugins compatible for Editor in 0.90 ms, found 2 plugins.
Preloading 0 native plugins for Editor in 0.00 ms.
Mono: successfully reloaded assembly
- Completed reload, in  1.156 seconds
Domain Reload Profiling:
	ReloadAssembly (1157ms)
		BeginReloadAssembly (185ms)
			ExecutionOrderSort (0ms)
			DisableScriptedObjects (6ms)
			BackupInstance (0ms)
			ReleaseScriptingObjects (0ms)
			CreateAndSetChildDomain (73ms)
		EndReloadAssembly (892ms)
			LoadAssemblies (144ms)
			RebuildTransferFunctionScriptingTraits (0ms)
			SetupTypeCache (367ms)
			ReleaseScriptCaches (2ms)
			RebuildScriptCaches (34ms)
			SetupLoadedEditorAssemblies (281ms)
				LogAssemblyErrors (0ms)
				InitializePlatformSupportModulesInManaged (6ms)
				SetLoadedEditorAssemblies (0ms)
				RefreshPlugins (1ms)
				BeforeProcessingInitializeOnLoad (70ms)
				ProcessInitializeOnLoadAttributes (189ms)
				ProcessInitializeOnLoadMethodAttributes (10ms)
				AfterProcessingInitializeOnLoad (5ms)
				EditorAssembliesLoaded (1ms)
			ExecutionOrderSort2 (0ms)
			AwakeInstancesAfterBackupRestoration (11ms)
Platform modules already initialized, skipping
Refreshing native plugins compatible for Editor in 0.88 ms, found 2 plugins.
Preloading 0 native plugins for Editor in 0.00 ms.
Unloading 1513 Unused Serialized files (Serialized files now loaded: 0)
System memory in use before: 72.2 MB.
System memory in use after: 72.3 MB.

Unloading 14 unused Assets to reduce memory usage. Loaded Objects now: 1962.
Total: 7.199900 ms (FindLiveObjects: 0.715600 ms CreateObjectMapping: 0.316000 ms MarkObjects: 6.109000 ms  DeleteObjects: 0.056200 ms)

AssetImportParameters requested are different than current active one (requested -> active):
  custom:framework-win-MediaFoundation: 216162199b28c13a410421893ffa2e32 -> 
  custom:video-decoder-ogg-theora: a1e56fd34408186e4bbccfd4996cb3dc -> 
  custom:container-muxer-webm: aa71ff27fc2769a1b78a27578f13a17b -> 
  custom:container-demuxer-webm: 4f35f7cbe854078d1ac9338744f61a02 -> 
  custom:container-demuxer-ogg: 62fdf1f143b41e24485cea50d1cbac27 -> 
  custom:video-encoder-webm-vp8: eb34c28f22e8b96e1ab97ce403110664 -> 
  custom:video-codec-MediaFoundation-h265: 746d11721c4dcdbdad8f713fa42b33f4 -> 
  custom:video-decoder-webm-vp8: 9c59270c3fd7afecdb556c50c9e8de78 -> 
  custom:audio-decoder-ogg-vorbis: bf7c407c2cedff20999df2af8eb42d56 -> 
  custom:audio-encoder-webm-vorbis: bf7c407c2cedff20999df2af8eb42d56 -> 
========================================================================
Received Import Request.
  Time since last request: 172.366759 seconds.
  path: Assets/Swob8Hit
  artifactKey: Guid(e924baa3c470c954eb37d8cbc8cb56d2) Importer(815301076,1909f56bfc062723c751e8b465ee728b)
Start importing Assets/Swob8Hit using Guid(e924baa3c470c954eb37d8cbc8cb56d2) Importer(815301076,1909f56bfc062723c751e8b465ee728b)  -> (artifact id: '0739bfac1f2716ab3968ed8ee084ccd1') in 0.007286 seconds 
  Import took 0.009844 seconds .

========================================================================
Received Import Request.
  Time since last request: 5.071733 seconds.
  path: Assets/Swob8Hit/Platformer Tileset - Pixelart Snow Mountain/Scenes
  artifactKey: Guid(6d4f554279ce1a54fb3723402012c7c6) Importer(815301076,1909f56bfc062723c751e8b465ee728b)
Start importing Assets/Swob8Hit/Platformer Tileset - Pixelart Snow Mountain/Scenes using Guid(6d4f554279ce1a54fb3723402012c7c6) Importer(815301076,1909f56bfc062723c751e8b465ee728b)  -> (artifact id: 'e716b64914dfd6d5e6a5a2595e71dd1a') in 0.001478 seconds 
  Import took 0.003723 seconds .

========================================================================
Received Import Request.
  Time since last request: 1.112653 seconds.
  path: Assets/Swob8Hit/Platformer Tileset - Pixelart Snow Mountain/Scenes/Tileset Gallery.unity
  artifactKey: Guid(9d4e5e245f9af9e488c3083907de9c43) Importer(815301076,1909f56bfc062723c751e8b465ee728b)
Start importing Assets/Swob8Hit/Platformer Tileset - Pixelart Snow Mountain/Scenes/Tileset Gallery.unity using Guid(9d4e5e245f9af9e488c3083907de9c43) Importer(815301076,1909f56bfc062723c751e8b465ee728b)  -> (artifact id: '3723a4f8a44853352253267430e31343') in 0.014363 seconds 
  Import took 0.016976 seconds .

========================================================================
Received Import Request.
  Time since last request: 12.744121 seconds.
  path: Assets/Swon8Hit
  artifactKey: Guid(e924baa3c470c954eb37d8cbc8cb56d2) Importer(815301076,1909f56bfc062723c751e8b465ee728b)
Start importing Assets/Swon8Hit using Guid(e924baa3c470c954eb37d8cbc8cb56d2) Importer(815301076,1909f56bfc062723c751e8b465ee728b)  -> (artifact id: '282d2a6bfbed0f1f3cc858634180b971') in 0.004737 seconds 
  Import took 0.007114 seconds .

========================================================================
Received Import Request.
  Time since last request: 26.682760 seconds.
  path: Assets/Snow8Hit
  artifactKey: Guid(e924baa3c470c954eb37d8cbc8cb56d2) Importer(815301076,1909f56bfc062723c751e8b465ee728b)
Start importing Assets/Snow8Hit using Guid(e924baa3c470c954eb37d8cbc8cb56d2) Importer(815301076,1909f56bfc062723c751e8b465ee728b)  -> (artifact id: '2e6c14ddfcae687aa3be7f1ae87dab4c') in 0.005274 seconds 
  Import took 0.007710 seconds .

========================================================================
Received Import Request.
  Time since last request: 27.194173 seconds.
  path: Assets/Forest8Bit
  artifactKey: Guid(d199f34a291a2da4595c4df6ae4d938c) Importer(815301076,1909f56bfc062723c751e8b465ee728b)
Start importing Assets/Forest8Bit using Guid(d199f34a291a2da4595c4df6ae4d938c) Importer(815301076,1909f56bfc062723c751e8b465ee728b)  -> (artifact id: '1e5a71034aa553dcb26d9dcd2c9fef68') in 0.004363 seconds 
  Import took 0.006633 seconds .

========================================================================
Received Import Request.
  Time since last request: 20.559895 seconds.
  path: Assets/Weapon8Bit
  artifactKey: Guid(97f619e249e26b54f84dcde29348a646) Importer(815301076,1909f56bfc062723c751e8b465ee728b)
Start importing Assets/Weapon8Bit using Guid(97f619e249e26b54f84dcde29348a646) Importer(815301076,1909f56bfc062723c751e8b465ee728b)  -> (artifact id: '50cbe6c329fdce91783cdc4e5f6d0527') in 0.004746 seconds 
  Import took 0.007142 seconds .

========================================================================
Received Import Request.
  Time since last request: 2.395052 seconds.
  path: Assets/2DCP
  artifactKey: Guid(3eb6e9c7d16263f4ab4b514996f00dfa) Importer(815301076,1909f56bfc062723c751e8b465ee728b)
Start importing Assets/2DCP using Guid(3eb6e9c7d16263f4ab4b514996f00dfa) Importer(815301076,1909f56bfc062723c751e8b465ee728b)  -> (artifact id: '3ca90d5bc01f82efb57ff4921e77ec08') in 0.005608 seconds 
  Import took 0.008280 seconds .

========================================================================
Received Prepare
Registering precompiled user dll's ...
Registered in 0.004069 seconds.
Begin MonoManager ReloadAssembly
Native extension for WindowsStandalone target not found
Native extension for WebGL target not found
Refreshing native plugins compatible for Editor in 32.78 ms, found 3 plugins.
Preloading 0 native plugins for Editor in 0.00 ms.
Mono: successfully reloaded assembly
- Completed reload, in  0.716 seconds
Domain Reload Profiling:
	ReloadAssembly (716ms)
		BeginReloadAssembly (86ms)
			ExecutionOrderSort (0ms)
			DisableScriptedObjects (3ms)
			BackupInstance (0ms)
			ReleaseScriptingObjects (0ms)
			CreateAndSetChildDomain (31ms)
		EndReloadAssembly (589ms)
			LoadAssemblies (62ms)
			RebuildTransferFunctionScriptingTraits (0ms)
			SetupTypeCache (190ms)
			ReleaseScriptCaches (1ms)
			RebuildScriptCaches (25ms)
			SetupLoadedEditorAssemblies (230ms)
				LogAssemblyErrors (0ms)
				InitializePlatformSupportModulesInManaged (3ms)
				SetLoadedEditorAssemblies (0ms)
				RefreshPlugins (33ms)
				BeforeProcessingInitializeOnLoad (51ms)
				ProcessInitializeOnLoadAttributes (131ms)
				ProcessInitializeOnLoadMethodAttributes (8ms)
				AfterProcessingInitializeOnLoad (3ms)
				EditorAssembliesLoaded (0ms)
			ExecutionOrderSort2 (0ms)
			AwakeInstancesAfterBackupRestoration (5ms)
Platform modules already initialized, skipping
Refreshing native plugins compatible for Editor in 0.49 ms, found 3 plugins.
Preloading 0 native plugins for Editor in 0.00 ms.
Unloading 2177 Unused Serialized files (Serialized files now loaded: 0)
System memory in use before: 98.4 MB.
System memory in use after: 98.4 MB.

Unloading 21 unused Assets to reduce memory usage. Loaded Objects now: 2626.
Total: 2.902100 ms (FindLiveObjects: 0.162800 ms CreateObjectMapping: 0.076200 ms MarkObjects: 2.570000 ms  DeleteObjects: 0.091900 ms)

AssetImportParameters requested are different than current active one (requested -> active):
  custom:framework-win-MediaFoundation: 216162199b28c13a410421893ffa2e32 -> 
  custom:video-decoder-ogg-theora: a1e56fd34408186e4bbccfd4996cb3dc -> 
  custom:container-muxer-webm: aa71ff27fc2769a1b78a27578f13a17b -> 
  custom:container-demuxer-webm: 4f35f7cbe854078d1ac9338744f61a02 -> 
  custom:container-demuxer-ogg: 62fdf1f143b41e24485cea50d1cbac27 -> 
  custom:video-encoder-webm-vp8: eb34c28f22e8b96e1ab97ce403110664 -> 
  custom:video-codec-MediaFoundation-h265: 746d11721c4dcdbdad8f713fa42b33f4 -> 
  custom:video-decoder-webm-vp8: 9c59270c3fd7afecdb556c50c9e8de78 -> 
  custom:audio-decoder-ogg-vorbis: bf7c407c2cedff20999df2af8eb42d56 -> 
  custom:audio-encoder-webm-vorbis: bf7c407c2cedff20999df2af8eb42d56 -> 
========================================================================
Received Prepare
Registering precompiled user dll's ...
Registered in 0.002090 seconds.
Begin MonoManager ReloadAssembly
Native extension for WindowsStandalone target not found
Native extension for WebGL target not found
Refreshing native plugins compatible for Editor in 0.54 ms, found 3 plugins.
Preloading 0 native plugins for Editor in 0.00 ms.
Mono: successfully reloaded assembly
- Completed reload, in  0.715 seconds
Domain Reload Profiling:
	ReloadAssembly (715ms)
		BeginReloadAssembly (98ms)
			ExecutionOrderSort (0ms)
			DisableScriptedObjects (5ms)
			BackupInstance (0ms)
			ReleaseScriptingObjects (0ms)
			CreateAndSetChildDomain (35ms)
		EndReloadAssembly (575ms)
			LoadAssemblies (63ms)
			RebuildTransferFunctionScriptingTraits (0ms)
			SetupTypeCache (202ms)
			ReleaseScriptCaches (1ms)
			RebuildScriptCaches (27ms)
			SetupLoadedEditorAssemblies (213ms)
				LogAssemblyErrors (0ms)
				InitializePlatformSupportModulesInManaged (4ms)
				SetLoadedEditorAssemblies (0ms)
				RefreshPlugins (1ms)
				BeforeProcessingInitializeOnLoad (58ms)
				ProcessInitializeOnLoadAttributes (139ms)
				ProcessInitializeOnLoadMethodAttributes (7ms)
				AfterProcessingInitializeOnLoad (3ms)
				EditorAssembliesLoaded (0ms)
			ExecutionOrderSort2 (0ms)
			AwakeInstancesAfterBackupRestoration (5ms)
Platform modules already initialized, skipping
Refreshing native plugins compatible for Editor in 0.52 ms, found 3 plugins.
Preloading 0 native plugins for Editor in 0.00 ms.
Unloading 2180 Unused Serialized files (Serialized files now loaded: 0)
System memory in use before: 98.5 MB.
System memory in use after: 98.5 MB.

Unloading 21 unused Assets to reduce memory usage. Loaded Objects now: 2631.
Total: 3.121500 ms (FindLiveObjects: 0.199600 ms CreateObjectMapping: 0.118600 ms MarkObjects: 2.722600 ms  DeleteObjects: 0.079600 ms)

AssetImportParameters requested are different than current active one (requested -> active):
  custom:framework-win-MediaFoundation: 216162199b28c13a410421893ffa2e32 -> 
  custom:video-decoder-ogg-theora: a1e56fd34408186e4bbccfd4996cb3dc -> 
  custom:container-muxer-webm: aa71ff27fc2769a1b78a27578f13a17b -> 
  custom:container-demuxer-webm: 4f35f7cbe854078d1ac9338744f61a02 -> 
  custom:container-demuxer-ogg: 62fdf1f143b41e24485cea50d1cbac27 -> 
  custom:video-encoder-webm-vp8: eb34c28f22e8b96e1ab97ce403110664 -> 
  custom:video-codec-MediaFoundation-h265: 746d11721c4dcdbdad8f713fa42b33f4 -> 
  custom:video-decoder-webm-vp8: 9c59270c3fd7afecdb556c50c9e8de78 -> 
  custom:audio-decoder-ogg-vorbis: bf7c407c2cedff20999df2af8eb42d56 -> 
  custom:audio-encoder-webm-vorbis: bf7c407c2cedff20999df2af8eb42d56 -> 
========================================================================
Received Import Request.
  Time since last request: 667.166676 seconds.
  path: Assets/2D SD Monster Pack
  artifactKey: Guid(3fc2dc28d65964f23a0889ec3317080b) Importer(815301076,1909f56bfc062723c751e8b465ee728b)
Start importing Assets/2D SD Monster Pack using Guid(3fc2dc28d65964f23a0889ec3317080b) Importer(815301076,1909f56bfc062723c751e8b465ee728b)  -> (artifact id: '7feb8af80ddab30675af58b8277d9690') in 0.008699 seconds 
  Import took 0.011930 seconds .

========================================================================
Received Import Request.
  Time since last request: 9.126997 seconds.
  path: Assets/2DMonster Pack
  artifactKey: Guid(3fc2dc28d65964f23a0889ec3317080b) Importer(815301076,1909f56bfc062723c751e8b465ee728b)
Start importing Assets/2DMonster Pack using Guid(3fc2dc28d65964f23a0889ec3317080b) Importer(815301076,1909f56bfc062723c751e8b465ee728b)  -> (artifact id: 'da8d814838b4ee3a8a6c53d6bccaa121') in 0.004524 seconds 
  Import took 0.007483 seconds .

========================================================================
Received Prepare
Registering precompiled user dll's ...
Registered in 0.002322 seconds.
Begin MonoManager ReloadAssembly
Native extension for WindowsStandalone target not found
Native extension for WebGL target not found
Refreshing native plugins compatible for Editor in 0.53 ms, found 3 plugins.
Preloading 0 native plugins for Editor in 0.00 ms.
Mono: successfully reloaded assembly
- Completed reload, in  0.703 seconds
Domain Reload Profiling:
	ReloadAssembly (703ms)
		BeginReloadAssembly (92ms)
			ExecutionOrderSort (0ms)
			DisableScriptedObjects (4ms)
			BackupInstance (0ms)
			ReleaseScriptingObjects (0ms)
			CreateAndSetChildDomain (28ms)
		EndReloadAssembly (570ms)
			LoadAssemblies (64ms)
			RebuildTransferFunctionScriptingTraits (0ms)
			SetupTypeCache (198ms)
			ReleaseScriptCaches (1ms)
			RebuildScriptCaches (26ms)
			SetupLoadedEditorAssemblies (220ms)
				LogAssemblyErrors (0ms)
				InitializePlatformSupportModulesInManaged (4ms)
				SetLoadedEditorAssemblies (0ms)
				RefreshPlugins (1ms)
				BeforeProcessingInitializeOnLoad (57ms)
				ProcessInitializeOnLoadAttributes (148ms)
				ProcessInitializeOnLoadMethodAttributes (7ms)
				AfterProcessingInitializeOnLoad (3ms)
				EditorAssembliesLoaded (0ms)
			ExecutionOrderSort2 (0ms)
			AwakeInstancesAfterBackupRestoration (5ms)
Platform modules already initialized, skipping
Refreshing native plugins compatible for Editor in 0.52 ms, found 3 plugins.
Preloading 0 native plugins for Editor in 0.00 ms.
Unloading 2180 Unused Serialized files (Serialized files now loaded: 0)
System memory in use before: 98.5 MB.
System memory in use after: 98.5 MB.

Unloading 21 unused Assets to reduce memory usage. Loaded Objects now: 2633.
Total: 2.830700 ms (FindLiveObjects: 0.155100 ms CreateObjectMapping: 0.087700 ms MarkObjects: 2.506500 ms  DeleteObjects: 0.080400 ms)

AssetImportParameters requested are different than current active one (requested -> active):
  custom:framework-win-MediaFoundation: 216162199b28c13a410421893ffa2e32 -> 
  custom:video-decoder-ogg-theora: a1e56fd34408186e4bbccfd4996cb3dc -> 
  custom:container-muxer-webm: aa71ff27fc2769a1b78a27578f13a17b -> 
  custom:container-demuxer-webm: 4f35f7cbe854078d1ac9338744f61a02 -> 
  custom:container-demuxer-ogg: 62fdf1f143b41e24485cea50d1cbac27 -> 
  custom:video-encoder-webm-vp8: eb34c28f22e8b96e1ab97ce403110664 -> 
  custom:video-codec-MediaFoundation-h265: 746d11721c4dcdbdad8f713fa42b33f4 -> 
  custom:video-decoder-webm-vp8: 9c59270c3fd7afecdb556c50c9e8de78 -> 
  custom:audio-decoder-ogg-vorbis: bf7c407c2cedff20999df2af8eb42d56 -> 
  custom:audio-encoder-webm-vorbis: bf7c407c2cedff20999df2af8eb42d56 -> 
AssetImportWorkerClient::OnTransportError - code=2 error=End of file
